<?xml version="1.0" encoding="UTF-8"?>
<!-- Generated by org.testng.reporters.JUnitXMLReporter -->
<testsuite ignored="0" hostname="LAPTOP-L8BQ7OMQ" failures="0" tests="3" name="Amazon Test" time="67.391" errors="0" timestamp="06 Mar 2023 11:19:50 GMT">
  <testcase classname="testngSessions.AmazonTest" name="titleTest" time="0.02"/>
  <testcase classname="testngSessions.AmazonTest" name="isHelpExistTest" time="1.207"/>
  <testcase classname="testngSessions.AmazonTest" name="searchExistTest" time="0.173"/>
</testsuite> <!-- Amazon Test -->
