<?xml version="1.0" encoding="UTF-8"?>
<!-- Generated by org.testng.reporters.JUnitXMLReporter -->
<testsuite ignored="0" hostname="LAPTOP-L8BQ7OMQ" failures="0" tests="5" name="Priority Test" time="0.056" errors="0" timestamp="06 Mar 2023 11:18:43 GMT">
  <testcase classname="testngSessions.PriorityTest" name="b_test" time="0.009"/>
  <testcase classname="testngSessions.PriorityTest" name="a_test" time="0.007"/>
  <testcase classname="testngSessions.PriorityTest" name="c_test" time="0.001"/>
  <testcase classname="testngSessions.PriorityTest" name="d_test" time="0.002"/>
  <testcase classname="testngSessions.PriorityTest" name="e_test" time="0.001"/>
</testsuite> <!-- Priority Test -->
